# JRE version: Java(TM) SE Runtime Environment (8.0_66-b18) (build 1.8.0_66-b18)
# Java VM: Java HotSpot(TM) 64-Bit Server VM (25.66-b18 mixed mode windows-amd64 compressed oops)
Heap:
 PSYoungGen      total 55808K, used 13296K [0x00000007bc400000, 0x00000007c0000000, 0x00000007c0000000)
  eden space 50176K, 18% used [0x00000007bc400000,0x00000007bcd0edf0,0x00000007bf500000)
  from space 5632K, 71% used [0x00000007bf500000,0x00000007bf8ed3a8,0x00000007bfa80000)
  to   space 5632K, 0% used [0x00000007bfa80000,0x00000007bfa80000,0x00000007c0000000)
 ParOldGen       total 178688K, used 153842K [0x0000000700000000, 0x000000070ae80000, 0x00000007bc400000)
  object space 178688K, 86% used [0x0000000700000000,0x000000070963cab0,0x000000070ae80000)
 Metaspace       used 91879K, capacity 93079K, committed 93568K, reserved 1128448K
  class space    used 13680K, capacity 13881K, committed 13952K, reserved 1048576K
GC Heap History (10 events):
Event: 25344.539 GC heap before
{Heap before GC invocations=2415 (full 248):
 PSYoungGen      total 55808K, used 51866K [0x00000007bc400000, 0x00000007c0000000, 0x00000007c0000000)
  eden space 50176K, 100% used [0x00000007bc400000,0x00000007bf500000,0x00000007bf500000)
  from space 5632K, 30% used [0x00000007bfa80000,0x00000007bfc26b58,0x00000007c0000000)
  to   space 5632K, 0% used [0x00000007bf500000,0x00000007bf500000,0x00000007bfa80000)
 ParOldGen       total 178688K, used 153826K [0x0000000700000000, 0x000000070ae80000, 0x00000007bc400000)
  object space 178688K, 86% used [0x0000000700000000,0x0000000709638ab0,0x000000070ae80000)
 Metaspace       used 91864K, capacity 93061K, committed 93568K, reserved 1128448K
  class space    used 13678K, capacity 13878K, committed 13952K, reserved 1048576K
Event: 25344.544 GC heap after
Heap after GC invocations=2415 (full 248):
 PSYoungGen      total 55808K, used 2229K [0x00000007bc400000, 0x00000007c0000000, 0x00000007c0000000)
  eden space 50176K, 0% used [0x00000007bc400000,0x00000007bc400000,0x00000007bf500000)
  from space 5632K, 39% used [0x00000007bf500000,0x00000007bf72d5a0,0x00000007bfa80000)
  to   space 5632K, 0% used [0x00000007bfa80000,0x00000007bfa80000,0x00000007c0000000)
 ParOldGen       total 178688K, used 153842K [0x0000000700000000, 0x000000070ae80000, 0x00000007bc400000)
  object space 178688K, 86% used [0x0000000700000000,0x000000070963cab0,0x000000070ae80000)
 Metaspace       used 91864K, capacity 93061K, committed 93568K, reserved 1128448K
  class space    used 13678K, capacity 13878K, committed 13952K, reserved 1048576K
}
Event: 25359.158 GC heap before
{Heap before GC invocations=2416 (full 248):
 PSYoungGen      total 55808K, used 52405K [0x00000007bc400000, 0x00000007c0000000, 0x00000007c0000000)
  eden space 50176K, 100% used [0x00000007bc400000,0x00000007bf500000,0x00000007bf500000)
  from space 5632K, 39% used [0x00000007bf500000,0x00000007bf72d5a0,0x00000007bfa80000)
  to   space 5632K, 0% used [0x00000007bfa80000,0x00000007bfa80000,0x00000007c0000000)
 ParOldGen       total 178688K, used 153842K [0x0000000700000000, 0x000000070ae80000, 0x00000007bc400000)
  object space 178688K, 86% used [0x0000000700000000,0x000000070963cab0,0x000000070ae80000)
 Metaspace       used 91875K, capacity 93079K, committed 93568K, reserved 1128448K
  class space    used 13680K, capacity 13881K, committed 13952K, reserved 1048576K
Event: 25359.163 GC heap after
Heap after GC invocations=2416 (full 248):
 PSYoungGen      total 55808K, used 2096K [0x00000007bc400000, 0x00000007c0000000, 0x00000007c0000000)
  eden space 50176K, 0% used [0x00000007bc400000,0x00000007bc400000,0x00000007bf500000)
  from space 5632K, 37% used [0x00000007bfa80000,0x00000007bfc8c208,0x00000007c0000000)
  to   space 5632K, 0% used [0x00000007bf500000,0x00000007bf500000,0x00000007bfa80000)
 ParOldGen       total 178688K, used 153842K [0x0000000700000000, 0x000000070ae80000, 0x00000007bc400000)
  object space 178688K, 86% used [0x0000000700000000,0x000000070963cab0,0x000000070ae80000)
 Metaspace       used 91875K, capacity 93079K, committed 93568K, reserved 1128448K
  class space    used 13680K, capacity 13881K, committed 13952K, reserved 1048576K
}
Event: 25363.784 GC heap before
{Heap before GC invocations=2417 (full 248):
 PSYoungGen      total 55808K, used 52272K [0x00000007bc400000, 0x00000007c0000000, 0x00000007c0000000)
  eden space 50176K, 100% used [0x00000007bc400000,0x00000007bf500000,0x00000007bf500000)
  from space 5632K, 37% used [0x00000007bfa80000,0x00000007bfc8c208,0x00000007c0000000)
  to   space 5632K, 0% used [0x00000007bf500000,0x00000007bf500000,0x00000007bfa80000)
 ParOldGen       total 178688K, used 153842K [0x0000000700000000, 0x000000070ae80000, 0x00000007bc400000)
  object space 178688K, 86% used [0x0000000700000000,0x000000070963cab0,0x000000070ae80000)
 Metaspace       used 91876K, capacity 93079K, committed 93568K, reserved 1128448K
  class space    used 13680K, capacity 13881K, committed 13952K, reserved 1048576K
Event: 25363.791 GC heap after
Heap after GC invocations=2417 (full 248):
 PSYoungGen      total 55808K, used 3290K [0x00000007bc400000, 0x00000007c0000000, 0x00000007c0000000)
  eden space 50176K, 0% used [0x00000007bc400000,0x00000007bc400000,0x00000007bf500000)
  from space 5632K, 58% used [0x00000007bf500000,0x00000007bf836b58,0x00000007bfa80000)
  to   space 5632K, 0% used [0x00000007bfa80000,0x00000007bfa80000,0x00000007c0000000)
 ParOldGen       total 178688K, used 153842K [0x0000000700000000, 0x000000070ae80000, 0x00000007bc400000)
  object space 178688K, 86% used [0x0000000700000000,0x000000070963cab0,0x000000070ae80000)
 Metaspace       used 91876K, capacity 93079K, committed 93568K, reserved 1128448K
  class space    used 13680K, capacity 13881K, committed 13952K, reserved 1048576K
}
Event: 25368.487 GC heap before
{Heap before GC invocations=2418 (full 248):
 PSYoungGen      total 55808K, used 53466K [0x00000007bc400000, 0x00000007c0000000, 0x00000007c0000000)
  eden space 50176K, 100% used [0x00000007bc400000,0x00000007bf500000,0x00000007bf500000)
  from space 5632K, 58% used [0x00000007bf500000,0x00000007bf836b58,0x00000007bfa80000)
  to   space 5632K, 0% used [0x00000007bfa80000,0x00000007bfa80000,0x00000007c0000000)
 ParOldGen       total 178688K, used 153842K [0x0000000700000000, 0x000000070ae80000, 0x00000007bc400000)
  object space 178688K, 86% used [0x0000000700000000,0x000000070963cab0,0x000000070ae80000)
 Metaspace       used 91879K, capacity 93079K, committed 93568K, reserved 1128448K
  class space    used 13680K, capacity 13881K, committed 13952K, reserved 1048576K
Event: 25368.494 GC heap after
Heap after GC invocations=2418 (full 248):
 PSYoungGen      total 55808K, used 2763K [0x00000007bc400000, 0x00000007c0000000, 0x00000007c0000000)
  eden space 50176K, 0% used [0x00000007bc400000,0x00000007bc400000,0x00000007bf500000)
  from space 5632K, 49% used [0x00000007bfa80000,0x00000007bfd32d00,0x00000007c0000000)
  to   space 5632K, 0% used [0x00000007bf500000,0x00000007bf500000,0x00000007bfa80000)
 ParOldGen       total 178688K, used 153842K [0x0000000700000000, 0x000000070ae80000, 0x00000007bc400000)
  object space 178688K, 86% used [0x0000000700000000,0x000000070963cab0,0x000000070ae80000)
 Metaspace       used 91879K, capacity 93079K, committed 93568K, reserved 1128448K
  class space    used 13680K, capacity 13881K, committed 13952K, reserved 1048576K
}
Event: 25375.197 GC heap before
{Heap before GC invocations=2419 (full 248):
 PSYoungGen      total 55808K, used 52939K [0x00000007bc400000, 0x00000007c0000000, 0x00000007c0000000)
  eden space 50176K, 100% used [0x00000007bc400000,0x00000007bf500000,0x00000007bf500000)
  from space 5632K, 49% used [0x00000007bfa80000,0x00000007bfd32d00,0x00000007c0000000)
  to   space 5632K, 0% used [0x00000007bf500000,0x00000007bf500000,0x00000007bfa80000)
 ParOldGen       total 178688K, used 153842K [0x0000000700000000, 0x000000070ae80000, 0x00000007bc400000)
  object space 178688K, 86% used [0x0000000700000000,0x000000070963cab0,0x000000070ae80000)
 Metaspace       used 91879K, capacity 93079K, committed 93568K, reserved 1128448K
  class space    used 13680K, capacity 13881K, committed 13952K, reserved 1048576K
Event: 25375.205 GC heap after
Heap after GC invocations=2419 (full 248):
 PSYoungGen      total 55808K, used 4020K [0x00000007bc400000, 0x00000007c0000000, 0x00000007c0000000)
  eden space 50176K, 0% used [0x00000007bc400000,0x00000007bc400000,0x00000007bf500000)
  from space 5632K, 71% used [0x00000007bf500000,0x00000007bf8ed3a8,0x00000007bfa80000)
  to   space 5632K, 0% used [0x00000007bfa80000,0x00000007bfa80000,0x00000007c0000000)
 ParOldGen       total 178688K, used 153842K [0x0000000700000000, 0x000000070ae80000, 0x00000007bc400000)
  object space 178688K, 86% used [0x0000000700000000,0x000000070963cab0,0x000000070ae80000)
 Metaspace       used 91879K, capacity 93079K, committed 93568K, reserved 1128448K
  class space    used 13680K, capacity 13881K, committed 13952K, reserved 1048576K
}

